2016-01-03 22:27:00,487 [Dummy-1:3528] [django.db.backends:89] [utils:execute] [DEBUG]- (0.000) 
            SELECT name, type FROM sqlite_master
            WHERE type in ('table', 'view') AND NOT name='sqlite_sequence'
            ORDER BY name; args=None
2016-01-03 22:27:00,503 [Dummy-1:3528] [django.db.backends:89] [utils:execute] [DEBUG]- (0.000) SELECT "django_migrations"."app", "django_migrations"."name" FROM "django_migrations"; args=()
2016-01-03 22:36:28,858 [Dummy-1:10472] [django.db.backends:89] [utils:execute] [DEBUG]- (0.000) 
            SELECT name, type FROM sqlite_master
            WHERE type in ('table', 'view') AND NOT name='sqlite_sequence'
            ORDER BY name; args=None
2016-01-03 22:36:28,865 [Dummy-1:10472] [django.db.backends:89] [utils:execute] [DEBUG]- (0.000) SELECT "django_migrations"."app", "django_migrations"."name" FROM "django_migrations"; args=()
2016-01-03 22:36:32,546 [Thread-2:7348] [blog.views:16] [views:index] [ERROR]- [Errno 2] No such file or directory: 'sss.txt'
2016-01-04 20:52:33,423 [Dummy-1:8540] [django.db.backends:89] [utils:execute] [DEBUG]- (0.000) 
            SELECT name, type FROM sqlite_master
            WHERE type in ('table', 'view') AND NOT name='sqlite_sequence'
            ORDER BY name; args=None
2016-01-04 20:52:33,437 [Dummy-1:8540] [django.db.backends:89] [utils:execute] [DEBUG]- (0.000) SELECT "django_migrations"."app", "django_migrations"."name" FROM "django_migrations"; args=()
2016-01-04 20:52:47,582 [Thread-2:7840] [django.template:923] [base:_resolve_lookup] [DEBUG]- Exception while resolving variable 'name' in template 'unknown'.
Traceback (most recent call last):
  File "D:\Python27\lib\site-packages\django\template\base.py", line 901, in _resolve_lookup
    (bit, current))  # missing attribute
VariableDoesNotExist: Failed lookup for key [name] in u'<RegexURLResolver <RegexURLPattern list> (admin:admin) ^admin/>'
2016-01-04 20:52:50,033 [Thread-3:200] [blog.views:25] [views:index] [ERROR]- [Errno 2] No such file or directory: 'sss.txt'
2016-01-04 20:52:50,448 [Thread-4:3164] [django.template:923] [base:_resolve_lookup] [DEBUG]- Exception while resolving variable 'name' in template 'unknown'.
Traceback (most recent call last):
  File "D:\Python27\lib\site-packages\django\template\base.py", line 901, in _resolve_lookup
    (bit, current))  # missing attribute
VariableDoesNotExist: Failed lookup for key [name] in u'<RegexURLResolver <RegexURLPattern list> (admin:admin) ^admin/>'
2016-01-04 20:57:27,415 [Thread-5:11564] [blog.views:25] [views:index] [ERROR]- [Errno 2] No such file or directory: 'sss.txt'
2016-01-04 21:29:15,683 [Dummy-1:9892] [django.db.backends:89] [utils:execute] [DEBUG]- (0.000) 
            SELECT name, type FROM sqlite_master
            WHERE type in ('table', 'view') AND NOT name='sqlite_sequence'
            ORDER BY name; args=None
2016-01-04 21:29:15,687 [Dummy-1:9892] [django.db.backends:89] [utils:execute] [DEBUG]- (0.000) SELECT "django_migrations"."app", "django_migrations"."name" FROM "django_migrations"; args=()
2016-01-04 21:29:15,864 [Thread-2:1068] [blog.views:25] [views:index] [ERROR]- [Errno 2] No such file or directory: 'sss.txt'
2016-01-04 21:41:32,096 [Dummy-1:9624] [django.db.backends:89] [utils:execute] [DEBUG]- (0.001) 
            SELECT name, type FROM sqlite_master
            WHERE type in ('table', 'view') AND NOT name='sqlite_sequence'
            ORDER BY name; args=None
2016-01-04 21:41:32,098 [Dummy-1:9624] [django.db.backends:89] [utils:execute] [DEBUG]- (0.000) SELECT "django_migrations"."app", "django_migrations"."name" FROM "django_migrations"; args=()
2016-01-04 22:00:31,539 [Dummy-1:11808] [django.db.backends:89] [utils:execute] [DEBUG]- (0.001) 
            SELECT name, type FROM sqlite_master
            WHERE type in ('table', 'view') AND NOT name='sqlite_sequence'
            ORDER BY name; args=None
2016-01-04 22:00:31,542 [Dummy-1:11808] [django.db.backends:89] [utils:execute] [DEBUG]- (0.000) SELECT "django_migrations"."app", "django_migrations"."name" FROM "django_migrations"; args=()
2016-01-04 22:42:46,582 [MainThread:5720] [django.db.backends:89] [utils:execute] [DEBUG]- (0.001) SET SQL_AUTO_IS_NULL = 0; args=None
2016-01-04 22:44:16,980 [MainThread:8108] [django.db.backends:89] [utils:execute] [DEBUG]- (0.000) SET SQL_AUTO_IS_NULL = 0; args=None
2016-01-04 22:50:45,628 [MainThread:6840] [django.db.backends:89] [utils:execute] [DEBUG]- (0.000) SET SQL_AUTO_IS_NULL = 0; args=None
2016-01-04 22:54:11,150 [MainThread:6948] [django.db.backends:89] [utils:execute] [DEBUG]- (0.000) SET SQL_AUTO_IS_NULL = 0; args=None
2016-01-04 22:54:11,190 [MainThread:6948] [django.db.backends:89] [utils:execute] [DEBUG]- (0.000) SET SQL_AUTO_IS_NULL = 0; args=None
2016-01-04 22:54:11,190 [MainThread:6948] [django.db.backends:89] [utils:execute] [DEBUG]- (0.000) SHOW FULL TABLES; args=None
2016-01-04 22:54:11,190 [MainThread:6948] [django.db.backends.schema:101] [schema:execute] [DEBUG]- CREATE TABLE `django_migrations` (`id` integer AUTO_INCREMENT NOT NULL PRIMARY KEY, `app` varchar(255) NOT NULL, `name` varchar(255) NOT NULL, `applied` datetime NOT NULL); (params None)
2016-01-04 22:54:11,742 [MainThread:6948] [django.db.backends:89] [utils:execute] [DEBUG]- (0.551) CREATE TABLE `django_migrations` (`id` integer AUTO_INCREMENT NOT NULL PRIMARY KEY, `app` varchar(255) NOT NULL, `name` varchar(255) NOT NULL, `applied` datetime NOT NULL); args=None
2016-01-04 22:54:11,752 [MainThread:6948] [django.db.backends:89] [utils:execute] [DEBUG]- (0.010) SELECT engine FROM information_schema.tables WHERE table_name = 'django_migrations'; args=[u'django_migrations']
2016-01-04 22:54:11,779 [MainThread:6948] [django.db.backends:89] [utils:execute] [DEBUG]- (0.001) SELECT `django_migrations`.`app`, `django_migrations`.`name` FROM `django_migrations`; args=()
2016-01-04 22:54:11,782 [MainThread:6948] [django.db.backends.schema:101] [schema:execute] [DEBUG]- CREATE TABLE `django_content_type` (`id` integer AUTO_INCREMENT NOT NULL PRIMARY KEY, `name` varchar(100) NOT NULL, `app_label` varchar(100) NOT NULL, `model` varchar(100) NOT NULL); (params None)
2016-01-04 22:54:12,115 [MainThread:6948] [django.db.backends:89] [utils:execute] [DEBUG]- (0.333) CREATE TABLE `django_content_type` (`id` integer AUTO_INCREMENT NOT NULL PRIMARY KEY, `name` varchar(100) NOT NULL, `app_label` varchar(100) NOT NULL, `model` varchar(100) NOT NULL); args=None
2016-01-04 22:54:12,118 [MainThread:6948] [django.db.backends:89] [utils:execute] [DEBUG]- (0.001) SELECT engine FROM information_schema.tables WHERE table_name = 'django_content_type'; args=[u'django_content_type']
2016-01-04 22:54:12,121 [MainThread:6948] [django.db.backends.schema:101] [schema:execute] [DEBUG]- ALTER TABLE `django_content_type` ADD CONSTRAINT `django_content_type_app_label_76bd3d3b_uniq` UNIQUE (`app_label`, `model`); (params [])
2016-01-04 22:54:12,384 [MainThread:6948] [django.db.backends:89] [utils:execute] [DEBUG]- (0.262) ALTER TABLE `django_content_type` ADD CONSTRAINT `django_content_type_app_label_76bd3d3b_uniq` UNIQUE (`app_label`, `model`); args=[]
2016-01-04 22:54:12,387 [MainThread:6948] [django.db.backends:89] [utils:execute] [DEBUG]- (0.001) SHOW FULL TABLES; args=None
2016-01-04 22:54:12,417 [MainThread:6948] [django.db.backends:89] [utils:execute] [DEBUG]- (0.029) INSERT INTO `django_migrations` (`app`, `name`, `applied`) VALUES ('contenttypes', '0001_initial', '2016-01-04 14:54:12'); args=['contenttypes', u'0001_initial', u'2016-01-04 14:54:12']
2016-01-04 22:54:12,494 [MainThread:6948] [django.db.backends.schema:101] [schema:execute] [DEBUG]- ALTER TABLE `django_content_type` MODIFY `name` varchar(100) NULL; (params [])
2016-01-04 22:54:13,052 [MainThread:6948] [django.db.backends:89] [utils:execute] [DEBUG]- (0.557) ALTER TABLE `django_content_type` MODIFY `name` varchar(100) NULL; args=[]
2016-01-04 22:54:13,058 [MainThread:6948] [django.db.backends.schema:101] [schema:execute] [DEBUG]- ALTER TABLE `django_content_type` DROP COLUMN `name` CASCADE; (params [])
2016-01-04 22:54:13,668 [MainThread:6948] [django.db.backends:89] [utils:execute] [DEBUG]- (0.610) ALTER TABLE `django_content_type` DROP COLUMN `name` CASCADE; args=[]
2016-01-04 22:54:13,670 [MainThread:6948] [django.db.backends:89] [utils:execute] [DEBUG]- (0.001) SHOW FULL TABLES; args=None
2016-01-04 22:54:13,671 [MainThread:6948] [django.db.backends:89] [utils:execute] [DEBUG]- (0.000) INSERT INTO `django_migrations` (`app`, `name`, `applied`) VALUES ('contenttypes', '0002_remove_content_type_name', '2016-01-04 14:54:13'); args=['contenttypes', u'0002_remove_content_type_name', u'2016-01-04 14:54:13']
2016-01-04 22:54:13,756 [MainThread:6948] [django.db.backends.schema:101] [schema:execute] [DEBUG]- CREATE TABLE `auth_permission` (`id` integer AUTO_INCREMENT NOT NULL PRIMARY KEY, `name` varchar(50) NOT NULL, `content_type_id` integer NOT NULL, `codename` varchar(100) NOT NULL); (params None)
2016-01-04 22:54:14,275 [MainThread:6948] [django.db.backends:89] [utils:execute] [DEBUG]- (0.518) CREATE TABLE `auth_permission` (`id` integer AUTO_INCREMENT NOT NULL PRIMARY KEY, `name` varchar(50) NOT NULL, `content_type_id` integer NOT NULL, `codename` varchar(100) NOT NULL); args=None
2016-01-04 22:54:14,276 [MainThread:6948] [django.db.backends:89] [utils:execute] [DEBUG]- (0.002) SELECT engine FROM information_schema.tables WHERE table_name = 'auth_permission'; args=[u'auth_permission']
2016-01-04 22:54:14,286 [MainThread:6948] [django.db.backends.schema:101] [schema:execute] [DEBUG]- CREATE TABLE `auth_group` (`id` integer AUTO_INCREMENT NOT NULL PRIMARY KEY, `name` varchar(80) NOT NULL UNIQUE); (params None)
2016-01-04 22:54:14,674 [MainThread:6948] [django.db.backends:89] [utils:execute] [DEBUG]- (0.387) CREATE TABLE `auth_group` (`id` integer AUTO_INCREMENT NOT NULL PRIMARY KEY, `name` varchar(80) NOT NULL UNIQUE); args=None
2016-01-04 22:54:14,677 [MainThread:6948] [django.db.backends:89] [utils:execute] [DEBUG]- (0.001) SELECT engine FROM information_schema.tables WHERE table_name = 'auth_group'; args=[u'auth_group']
2016-01-04 22:54:14,677 [MainThread:6948] [django.db.backends.schema:101] [schema:execute] [DEBUG]- CREATE TABLE `auth_group_permissions` (`id` integer AUTO_INCREMENT NOT NULL PRIMARY KEY, `group_id` integer NOT NULL, `permission_id` integer NOT NULL); (params None)
2016-01-04 22:54:14,974 [MainThread:6948] [django.db.backends:89] [utils:execute] [DEBUG]- (0.295) CREATE TABLE `auth_group_permissions` (`id` integer AUTO_INCREMENT NOT NULL PRIMARY KEY, `group_id` integer NOT NULL, `permission_id` integer NOT NULL); args=None
2016-01-04 22:54:14,976 [MainThread:6948] [django.db.backends:89] [utils:execute] [DEBUG]- (0.001) SELECT engine FROM information_schema.tables WHERE table_name = 'auth_group_permissions'; args=[u'auth_group_permissions']
2016-01-04 22:54:14,990 [MainThread:6948] [django.db.backends.schema:101] [schema:execute] [DEBUG]- ALTER TABLE `auth_permission` ADD CONSTRAINT `auth_permissi_content_type_id_2f476e4b_fk_django_content_type_id` FOREIGN KEY (`content_type_id`) REFERENCES `django_content_type` (`id`); (params [])
2016-01-04 22:54:15,776 [MainThread:6948] [django.db.backends:89] [utils:execute] [DEBUG]- (0.784) ALTER TABLE `auth_permission` ADD CONSTRAINT `auth_permissi_content_type_id_2f476e4b_fk_django_content_type_id` FOREIGN KEY (`content_type_id`) REFERENCES `django_content_type` (`id`); args=[]
2016-01-04 22:54:15,776 [MainThread:6948] [django.db.backends.schema:101] [schema:execute] [DEBUG]- ALTER TABLE `auth_permission` ADD CONSTRAINT `auth_permission_content_type_id_01ab375a_uniq` UNIQUE (`content_type_id`, `codename`); (params [])
2016-01-04 22:54:16,101 [MainThread:6948] [django.db.backends:89] [utils:execute] [DEBUG]- (0.325) ALTER TABLE `auth_permission` ADD CONSTRAINT `auth_permission_content_type_id_01ab375a_uniq` UNIQUE (`content_type_id`, `codename`); args=[]
2016-01-04 22:54:16,101 [MainThread:6948] [django.db.backends.schema:101] [schema:execute] [DEBUG]- ALTER TABLE `auth_group_permissions` ADD CONSTRAINT `auth_group_permissions_group_id_b120cbf9_fk_auth_group_id` FOREIGN KEY (`group_id`) REFERENCES `auth_group` (`id`); (params [])
2016-01-04 22:54:16,976 [MainThread:6948] [django.db.backends:89] [utils:execute] [DEBUG]- (0.873) ALTER TABLE `auth_group_permissions` ADD CONSTRAINT `auth_group_permissions_group_id_b120cbf9_fk_auth_group_id` FOREIGN KEY (`group_id`) REFERENCES `auth_group` (`id`); args=[]
2016-01-04 22:54:16,976 [MainThread:6948] [django.db.backends.schema:101] [schema:execute] [DEBUG]- ALTER TABLE `auth_group_permissions` ADD CONSTRAINT `auth_group_permissi_permission_id_84c5c92e_fk_auth_permission_id` FOREIGN KEY (`permission_id`) REFERENCES `auth_permission` (`id`); (params [])
2016-01-04 22:54:17,818 [MainThread:6948] [django.db.backends:89] [utils:execute] [DEBUG]- (0.841) ALTER TABLE `auth_group_permissions` ADD CONSTRAINT `auth_group_permissi_permission_id_84c5c92e_fk_auth_permission_id` FOREIGN KEY (`permission_id`) REFERENCES `auth_permission` (`id`); args=[]
2016-01-04 22:54:17,818 [MainThread:6948] [django.db.backends.schema:101] [schema:execute] [DEBUG]- ALTER TABLE `auth_group_permissions` ADD CONSTRAINT `auth_group_permissions_group_id_0cd325b0_uniq` UNIQUE (`group_id`, `permission_id`); (params [])
2016-01-04 22:54:18,161 [MainThread:6948] [django.db.backends:89] [utils:execute] [DEBUG]- (0.344) ALTER TABLE `auth_group_permissions` ADD CONSTRAINT `auth_group_permissions_group_id_0cd325b0_uniq` UNIQUE (`group_id`, `permission_id`); args=[]
2016-01-04 22:54:18,164 [MainThread:6948] [django.db.backends:89] [utils:execute] [DEBUG]- (0.002) SHOW FULL TABLES; args=None
2016-01-04 22:54:18,165 [MainThread:6948] [django.db.backends:89] [utils:execute] [DEBUG]- (0.001) INSERT INTO `django_migrations` (`app`, `name`, `applied`) VALUES ('auth', '0001_initial', '2016-01-04 14:54:18'); args=['auth', u'0001_initial', u'2016-01-04 14:54:18']
2016-01-04 22:54:18,210 [MainThread:6948] [django.db.backends.schema:101] [schema:execute] [DEBUG]- ALTER TABLE `auth_permission` MODIFY `name` varchar(255) NOT NULL; (params [])
2016-01-04 22:54:18,990 [MainThread:6948] [django.db.backends:89] [utils:execute] [DEBUG]- (0.779) ALTER TABLE `auth_permission` MODIFY `name` varchar(255) NOT NULL; args=[]
2016-01-04 22:54:18,993 [MainThread:6948] [django.db.backends:89] [utils:execute] [DEBUG]- (0.002) SHOW FULL TABLES; args=None
2016-01-04 22:54:18,994 [MainThread:6948] [django.db.backends:89] [utils:execute] [DEBUG]- (0.000) INSERT INTO `django_migrations` (`app`, `name`, `applied`) VALUES ('auth', '0002_alter_permission_name_max_length', '2016-01-04 14:54:18'); args=['auth', u'0002_alter_permission_name_max_length', u'2016-01-04 14:54:18']
2016-01-04 22:54:19,138 [MainThread:6948] [django.db.backends:89] [utils:execute] [DEBUG]- (0.001) SHOW FULL TABLES; args=None
2016-01-04 22:54:19,141 [MainThread:6948] [django.db.backends:89] [utils:execute] [DEBUG]- (0.000) INSERT INTO `django_migrations` (`app`, `name`, `applied`) VALUES ('auth', '0003_alter_user_email_max_length', '2016-01-04 14:54:19'); args=['auth', u'0003_alter_user_email_max_length', u'2016-01-04 14:54:19']
2016-01-04 22:54:19,184 [MainThread:6948] [django.db.backends:89] [utils:execute] [DEBUG]- (0.001) SHOW FULL TABLES; args=None
2016-01-04 22:54:19,187 [MainThread:6948] [django.db.backends:89] [utils:execute] [DEBUG]- (0.001) INSERT INTO `django_migrations` (`app`, `name`, `applied`) VALUES ('auth', '0004_alter_user_username_opts', '2016-01-04 14:54:19'); args=['auth', u'0004_alter_user_username_opts', u'2016-01-04 14:54:19']
2016-01-04 22:54:19,288 [MainThread:6948] [django.db.backends:89] [utils:execute] [DEBUG]- (0.001) SHOW FULL TABLES; args=None
2016-01-04 22:54:19,289 [MainThread:6948] [django.db.backends:89] [utils:execute] [DEBUG]- (0.000) INSERT INTO `django_migrations` (`app`, `name`, `applied`) VALUES ('auth', '0005_alter_user_last_login_null', '2016-01-04 14:54:19'); args=['auth', u'0005_alter_user_last_login_null', u'2016-01-04 14:54:19']
2016-01-04 22:54:19,315 [MainThread:6948] [django.db.backends:89] [utils:execute] [DEBUG]- (0.000) SHOW FULL TABLES; args=None
2016-01-04 22:54:19,316 [MainThread:6948] [django.db.backends:89] [utils:execute] [DEBUG]- (0.000) INSERT INTO `django_migrations` (`app`, `name`, `applied`) VALUES ('auth', '0006_require_contenttypes_0002', '2016-01-04 14:54:19'); args=['auth', u'0006_require_contenttypes_0002', u'2016-01-04 14:54:19']
2016-01-04 22:54:19,428 [MainThread:6948] [django.db.backends:89] [utils:execute] [DEBUG]- (0.002) SHOW FULL TABLES; args=None
2016-01-04 22:54:19,430 [MainThread:6948] [django.db.backends:89] [utils:execute] [DEBUG]- (0.000) INSERT INTO `django_migrations` (`app`, `name`, `applied`) VALUES ('auth', '0007_alter_validators_add_error_messages', '2016-01-04 14:54:19'); args=['auth', u'0007_alter_validators_add_error_messages', u'2016-01-04 14:54:19']
2016-01-04 22:54:19,487 [MainThread:6948] [django.db.backends.schema:101] [schema:execute] [DEBUG]- CREATE TABLE `blog_user` (`id` integer AUTO_INCREMENT NOT NULL PRIMARY KEY, `password` varchar(128) NOT NULL, `last_login` datetime NULL, `is_superuser` bool NOT NULL, `username` varchar(30) NOT NULL UNIQUE, `first_name` varchar(30) NOT NULL, `last_name` varchar(30) NOT NULL, `email` varchar(254) NOT NULL, `is_staff` bool NOT NULL, `is_active` bool NOT NULL, `date_joined` datetime NOT NULL, `avatar` varchar(200) NULL, `qq` varchar(20) NULL, `mobile` varchar(11) NULL UNIQUE); (params None)
2016-01-04 22:54:20,009 [MainThread:6948] [django.db.backends:89] [utils:execute] [DEBUG]- (0.522) CREATE TABLE `blog_user` (`id` integer AUTO_INCREMENT NOT NULL PRIMARY KEY, `password` varchar(128) NOT NULL, `last_login` datetime NULL, `is_superuser` bool NOT NULL, `username` varchar(30) NOT NULL UNIQUE, `first_name` varchar(30) NOT NULL, `last_name` varchar(30) NOT NULL, `email` varchar(254) NOT NULL, `is_staff` bool NOT NULL, `is_active` bool NOT NULL, `date_joined` datetime NOT NULL, `avatar` varchar(200) NULL, `qq` varchar(20) NULL, `mobile` varchar(11) NULL UNIQUE); args=None
2016-01-04 22:54:20,012 [MainThread:6948] [django.db.backends:89] [utils:execute] [DEBUG]- (0.002) SELECT engine FROM information_schema.tables WHERE table_name = 'blog_user'; args=[u'blog_user']
2016-01-04 22:54:20,013 [MainThread:6948] [django.db.backends.schema:101] [schema:execute] [DEBUG]- CREATE TABLE `blog_user_groups` (`id` integer AUTO_INCREMENT NOT NULL PRIMARY KEY, `user_id` integer NOT NULL, `group_id` integer NOT NULL); (params None)
2016-01-04 22:54:20,325 [MainThread:6948] [django.db.backends:89] [utils:execute] [DEBUG]- (0.312) CREATE TABLE `blog_user_groups` (`id` integer AUTO_INCREMENT NOT NULL PRIMARY KEY, `user_id` integer NOT NULL, `group_id` integer NOT NULL); args=None
2016-01-04 22:54:20,328 [MainThread:6948] [django.db.backends:89] [utils:execute] [DEBUG]- (0.001) SELECT engine FROM information_schema.tables WHERE table_name = 'blog_user_groups'; args=[u'blog_user_groups']
2016-01-04 22:54:20,329 [MainThread:6948] [django.db.backends.schema:101] [schema:execute] [DEBUG]- CREATE TABLE `blog_user_user_permissions` (`id` integer AUTO_INCREMENT NOT NULL PRIMARY KEY, `user_id` integer NOT NULL, `permission_id` integer NOT NULL); (params None)
2016-01-04 22:54:20,677 [MainThread:6948] [django.db.backends:89] [utils:execute] [DEBUG]- (0.347) CREATE TABLE `blog_user_user_permissions` (`id` integer AUTO_INCREMENT NOT NULL PRIMARY KEY, `user_id` integer NOT NULL, `permission_id` integer NOT NULL); args=None
2016-01-04 22:54:20,678 [MainThread:6948] [django.db.backends:89] [utils:execute] [DEBUG]- (0.002) SELECT engine FROM information_schema.tables WHERE table_name = 'blog_user_user_permissions'; args=[u'blog_user_user_permissions']
2016-01-04 22:54:20,687 [MainThread:6948] [django.db.backends.schema:101] [schema:execute] [DEBUG]- CREATE TABLE `blog_ad` (`id` integer AUTO_INCREMENT NOT NULL PRIMARY KEY, `title` varchar(50) NOT NULL, `description` varchar(200) NOT NULL, `image_url` varchar(100) NOT NULL, `callback_url` varchar(200) NULL, `date_publish` datetime NOT NULL, `index` integer NOT NULL); (params None)
2016-01-04 22:54:21,161 [MainThread:6948] [django.db.backends:89] [utils:execute] [DEBUG]- (0.474) CREATE TABLE `blog_ad` (`id` integer AUTO_INCREMENT NOT NULL PRIMARY KEY, `title` varchar(50) NOT NULL, `description` varchar(200) NOT NULL, `image_url` varchar(100) NOT NULL, `callback_url` varchar(200) NULL, `date_publish` datetime NOT NULL, `index` integer NOT NULL); args=None
2016-01-04 22:54:21,163 [MainThread:6948] [django.db.backends:89] [utils:execute] [DEBUG]- (0.002) SELECT engine FROM information_schema.tables WHERE table_name = 'blog_ad'; args=[u'blog_ad']
2016-01-04 22:54:21,168 [MainThread:6948] [django.db.backends.schema:101] [schema:execute] [DEBUG]- CREATE TABLE `blog_article` (`id` integer AUTO_INCREMENT NOT NULL PRIMARY KEY, `title` varchar(50) NOT NULL, `desc` varchar(50) NOT NULL, `content` longtext NOT NULL, `click_count` integer NOT NULL, `is_recommend` bool NOT NULL, `date_publish` datetime NOT NULL); (params None)
2016-01-04 22:54:21,460 [MainThread:6948] [django.db.backends:89] [utils:execute] [DEBUG]- (0.292) CREATE TABLE `blog_article` (`id` integer AUTO_INCREMENT NOT NULL PRIMARY KEY, `title` varchar(50) NOT NULL, `desc` varchar(50) NOT NULL, `content` longtext NOT NULL, `click_count` integer NOT NULL, `is_recommend` bool NOT NULL, `date_publish` datetime NOT NULL); args=None
2016-01-04 22:54:21,463 [MainThread:6948] [django.db.backends:89] [utils:execute] [DEBUG]- (0.002) SELECT engine FROM information_schema.tables WHERE table_name = 'blog_article'; args=[u'blog_article']
2016-01-04 22:54:21,467 [MainThread:6948] [django.db.backends.schema:101] [schema:execute] [DEBUG]- CREATE TABLE `blog_category` (`id` integer AUTO_INCREMENT NOT NULL PRIMARY KEY, `name` varchar(30) NOT NULL, `index` integer NOT NULL); (params None)
2016-01-04 22:54:21,859 [MainThread:6948] [django.db.backends:89] [utils:execute] [DEBUG]- (0.391) CREATE TABLE `blog_category` (`id` integer AUTO_INCREMENT NOT NULL PRIMARY KEY, `name` varchar(30) NOT NULL, `index` integer NOT NULL); args=None
2016-01-04 22:54:21,861 [MainThread:6948] [django.db.backends:89] [utils:execute] [DEBUG]- (0.001) SELECT engine FROM information_schema.tables WHERE table_name = 'blog_category'; args=[u'blog_category']
2016-01-04 22:54:21,891 [MainThread:6948] [django.db.backends.schema:101] [schema:execute] [DEBUG]- CREATE TABLE `blog_comment` (`id` integer AUTO_INCREMENT NOT NULL PRIMARY KEY, `content` longtext NOT NULL, `date_publish` datetime NOT NULL, `article_id` integer NULL, `pid_id` integer NULL, `user_id` integer NULL); (params None)
2016-01-04 22:54:23,151 [MainThread:6948] [django.db.backends:89] [utils:execute] [DEBUG]- (1.260) CREATE TABLE `blog_comment` (`id` integer AUTO_INCREMENT NOT NULL PRIMARY KEY, `content` longtext NOT NULL, `date_publish` datetime NOT NULL, `article_id` integer NULL, `pid_id` integer NULL, `user_id` integer NULL); args=None
2016-01-04 22:54:23,153 [MainThread:6948] [django.db.backends:89] [utils:execute] [DEBUG]- (0.002) SELECT engine FROM information_schema.tables WHERE table_name = 'blog_comment'; args=[u'blog_comment']
2016-01-04 22:54:23,158 [MainThread:6948] [django.db.backends.schema:101] [schema:execute] [DEBUG]- CREATE TABLE `blog_links` (`id` integer AUTO_INCREMENT NOT NULL PRIMARY KEY, `title` varchar(50) NOT NULL, `description` varchar(200) NOT NULL, `callback_url` varchar(200) NOT NULL, `date_publish` datetime NOT NULL, `index` integer NOT NULL); (params None)
2016-01-04 22:54:23,477 [MainThread:6948] [django.db.backends:89] [utils:execute] [DEBUG]- (0.318) CREATE TABLE `blog_links` (`id` integer AUTO_INCREMENT NOT NULL PRIMARY KEY, `title` varchar(50) NOT NULL, `description` varchar(200) NOT NULL, `callback_url` varchar(200) NOT NULL, `date_publish` datetime NOT NULL, `index` integer NOT NULL); args=None
2016-01-04 22:54:23,480 [MainThread:6948] [django.db.backends:89] [utils:execute] [DEBUG]- (0.002) SELECT engine FROM information_schema.tables WHERE table_name = 'blog_links'; args=[u'blog_links']
2016-01-04 22:54:23,489 [MainThread:6948] [django.db.backends.schema:101] [schema:execute] [DEBUG]- CREATE TABLE `blog_tag` (`id` integer AUTO_INCREMENT NOT NULL PRIMARY KEY, `name` varchar(30) NOT NULL); (params None)
2016-01-04 22:54:23,819 [MainThread:6948] [django.db.backends:89] [utils:execute] [DEBUG]- (0.331) CREATE TABLE `blog_tag` (`id` integer AUTO_INCREMENT NOT NULL PRIMARY KEY, `name` varchar(30) NOT NULL); args=None
2016-01-04 22:54:23,822 [MainThread:6948] [django.db.backends:89] [utils:execute] [DEBUG]- (0.002) SELECT engine FROM information_schema.tables WHERE table_name = 'blog_tag'; args=[u'blog_tag']
2016-01-04 22:54:23,845 [MainThread:6948] [django.db.backends.schema:101] [schema:execute] [DEBUG]- ALTER TABLE `blog_article` ADD COLUMN `category_id` integer NULL; (params [])
2016-01-04 22:54:24,470 [MainThread:6948] [django.db.backends:89] [utils:execute] [DEBUG]- (0.625) ALTER TABLE `blog_article` ADD COLUMN `category_id` integer NULL; args=[]
2016-01-04 22:54:24,471 [MainThread:6948] [django.db.backends.schema:101] [schema:execute] [DEBUG]- ALTER TABLE `blog_article` ALTER COLUMN `category_id` DROP DEFAULT; (params [])
2016-01-04 22:54:24,532 [MainThread:6948] [django.db.backends:89] [utils:execute] [DEBUG]- (0.061) ALTER TABLE `blog_article` ALTER COLUMN `category_id` DROP DEFAULT; args=[]
2016-01-04 22:54:24,562 [MainThread:6948] [django.db.backends.schema:101] [schema:execute] [DEBUG]- CREATE TABLE `blog_article_tag` (`id` integer AUTO_INCREMENT NOT NULL PRIMARY KEY, `article_id` integer NOT NULL, `tag_id` integer NOT NULL); (params None)
2016-01-04 22:54:24,904 [MainThread:6948] [django.db.backends:89] [utils:execute] [DEBUG]- (0.342) CREATE TABLE `blog_article_tag` (`id` integer AUTO_INCREMENT NOT NULL PRIMARY KEY, `article_id` integer NOT NULL, `tag_id` integer NOT NULL); args=None
2016-01-04 22:54:24,907 [MainThread:6948] [django.db.backends:89] [utils:execute] [DEBUG]- (0.002) SELECT engine FROM information_schema.tables WHERE table_name = 'blog_article_tag'; args=[u'blog_article_tag']
2016-01-04 22:54:24,930 [MainThread:6948] [django.db.backends.schema:101] [schema:execute] [DEBUG]- ALTER TABLE `blog_article` ADD COLUMN `user_id` integer NOT NULL; (params [])
2016-01-04 22:54:25,647 [MainThread:6948] [django.db.backends:89] [utils:execute] [DEBUG]- (0.717) ALTER TABLE `blog_article` ADD COLUMN `user_id` integer NOT NULL; args=[]
2016-01-04 22:54:25,648 [MainThread:6948] [django.db.backends.schema:101] [schema:execute] [DEBUG]- ALTER TABLE `blog_article` ALTER COLUMN `user_id` DROP DEFAULT; (params [])
2016-01-04 22:54:25,703 [MainThread:6948] [django.db.backends:89] [utils:execute] [DEBUG]- (0.056) ALTER TABLE `blog_article` ALTER COLUMN `user_id` DROP DEFAULT; args=[]
2016-01-04 22:54:25,704 [MainThread:6948] [django.db.backends.schema:101] [schema:execute] [DEBUG]- ALTER TABLE `blog_user_groups` ADD CONSTRAINT `blog_user_groups_user_id_4e1acb48_fk_blog_user_id` FOREIGN KEY (`user_id`) REFERENCES `blog_user` (`id`); (params [])
2016-01-04 22:54:26,568 [MainThread:6948] [django.db.backends:89] [utils:execute] [DEBUG]- (0.863) ALTER TABLE `blog_user_groups` ADD CONSTRAINT `blog_user_groups_user_id_4e1acb48_fk_blog_user_id` FOREIGN KEY (`user_id`) REFERENCES `blog_user` (`id`); args=[]
2016-01-04 22:54:26,568 [MainThread:6948] [django.db.backends.schema:101] [schema:execute] [DEBUG]- ALTER TABLE `blog_user_groups` ADD CONSTRAINT `blog_user_groups_group_id_29990e74_fk_auth_group_id` FOREIGN KEY (`group_id`) REFERENCES `auth_group` (`id`); (params [])
2016-01-04 22:54:27,470 [MainThread:6948] [django.db.backends:89] [utils:execute] [DEBUG]- (0.901) ALTER TABLE `blog_user_groups` ADD CONSTRAINT `blog_user_groups_group_id_29990e74_fk_auth_group_id` FOREIGN KEY (`group_id`) REFERENCES `auth_group` (`id`); args=[]
2016-01-04 22:54:27,470 [MainThread:6948] [django.db.backends.schema:101] [schema:execute] [DEBUG]- ALTER TABLE `blog_user_groups` ADD CONSTRAINT `blog_user_groups_user_id_9046f296_uniq` UNIQUE (`user_id`, `group_id`); (params [])
2016-01-04 22:54:27,813 [MainThread:6948] [django.db.backends:89] [utils:execute] [DEBUG]- (0.343) ALTER TABLE `blog_user_groups` ADD CONSTRAINT `blog_user_groups_user_id_9046f296_uniq` UNIQUE (`user_id`, `group_id`); args=[]
2016-01-04 22:54:27,815 [MainThread:6948] [django.db.backends.schema:101] [schema:execute] [DEBUG]- ALTER TABLE `blog_user_user_permissions` ADD CONSTRAINT `blog_user_user_permissions_user_id_379a1502_fk_blog_user_id` FOREIGN KEY (`user_id`) REFERENCES `blog_user` (`id`); (params [])
2016-01-04 22:54:28,809 [MainThread:6948] [django.db.backends:89] [utils:execute] [DEBUG]- (0.995) ALTER TABLE `blog_user_user_permissions` ADD CONSTRAINT `blog_user_user_permissions_user_id_379a1502_fk_blog_user_id` FOREIGN KEY (`user_id`) REFERENCES `blog_user` (`id`); args=[]
2016-01-04 22:54:28,809 [MainThread:6948] [django.db.backends.schema:101] [schema:execute] [DEBUG]- ALTER TABLE `blog_user_user_permissions` ADD CONSTRAINT `blog_user_user_perm_permission_id_95ca6010_fk_auth_permission_id` FOREIGN KEY (`permission_id`) REFERENCES `auth_permission` (`id`); (params [])
2016-01-04 22:54:29,838 [MainThread:6948] [django.db.backends:89] [utils:execute] [DEBUG]- (1.027) ALTER TABLE `blog_user_user_permissions` ADD CONSTRAINT `blog_user_user_perm_permission_id_95ca6010_fk_auth_permission_id` FOREIGN KEY (`permission_id`) REFERENCES `auth_permission` (`id`); args=[]
2016-01-04 22:54:29,838 [MainThread:6948] [django.db.backends.schema:101] [schema:execute] [DEBUG]- ALTER TABLE `blog_user_user_permissions` ADD CONSTRAINT `blog_user_user_permissions_user_id_1d3c1311_uniq` UNIQUE (`user_id`, `permission_id`); (params [])
2016-01-04 22:54:30,328 [MainThread:6948] [django.db.backends:89] [utils:execute] [DEBUG]- (0.490) ALTER TABLE `blog_user_user_permissions` ADD CONSTRAINT `blog_user_user_permissions_user_id_1d3c1311_uniq` UNIQUE (`user_id`, `permission_id`); args=[]
2016-01-04 22:54:30,328 [MainThread:6948] [django.db.backends.schema:101] [schema:execute] [DEBUG]- ALTER TABLE `blog_comment` ADD CONSTRAINT `blog_comment_article_id_3d58bca6_fk_blog_article_id` FOREIGN KEY (`article_id`) REFERENCES `blog_article` (`id`); (params [])
2016-01-04 22:54:31,359 [MainThread:6948] [django.db.backends:89] [utils:execute] [DEBUG]- (1.030) ALTER TABLE `blog_comment` ADD CONSTRAINT `blog_comment_article_id_3d58bca6_fk_blog_article_id` FOREIGN KEY (`article_id`) REFERENCES `blog_article` (`id`); args=[]
2016-01-04 22:54:31,361 [MainThread:6948] [django.db.backends.schema:101] [schema:execute] [DEBUG]- ALTER TABLE `blog_comment` ADD CONSTRAINT `blog_comment_pid_id_2a2b4cc4_fk_blog_comment_id` FOREIGN KEY (`pid_id`) REFERENCES `blog_comment` (`id`); (params [])
2016-01-04 22:54:32,263 [MainThread:6948] [django.db.backends:89] [utils:execute] [DEBUG]- (0.902) ALTER TABLE `blog_comment` ADD CONSTRAINT `blog_comment_pid_id_2a2b4cc4_fk_blog_comment_id` FOREIGN KEY (`pid_id`) REFERENCES `blog_comment` (`id`); args=[]
2016-01-04 22:54:32,263 [MainThread:6948] [django.db.backends.schema:101] [schema:execute] [DEBUG]- ALTER TABLE `blog_comment` ADD CONSTRAINT `blog_comment_user_id_59a54155_fk_blog_user_id` FOREIGN KEY (`user_id`) REFERENCES `blog_user` (`id`); (params [])
2016-01-04 22:54:33,309 [MainThread:6948] [django.db.backends:89] [utils:execute] [DEBUG]- (1.046) ALTER TABLE `blog_comment` ADD CONSTRAINT `blog_comment_user_id_59a54155_fk_blog_user_id` FOREIGN KEY (`user_id`) REFERENCES `blog_user` (`id`); args=[]
2016-01-04 22:54:33,311 [MainThread:6948] [django.db.backends.schema:101] [schema:execute] [DEBUG]- CREATE INDEX `blog_article_b583a629` ON `blog_article` (`category_id`); (params [])
2016-01-04 22:54:33,595 [MainThread:6948] [django.db.backends:89] [utils:execute] [DEBUG]- (0.285) CREATE INDEX `blog_article_b583a629` ON `blog_article` (`category_id`); args=[]
2016-01-04 22:54:33,595 [MainThread:6948] [django.db.backends.schema:101] [schema:execute] [DEBUG]- ALTER TABLE `blog_article` ADD CONSTRAINT `blog_article_category_id_7e38f15e_fk_blog_category_id` FOREIGN KEY (`category_id`) REFERENCES `blog_category` (`id`); (params [])
2016-01-04 22:54:34,411 [MainThread:6948] [django.db.backends:89] [utils:execute] [DEBUG]- (0.814) ALTER TABLE `blog_article` ADD CONSTRAINT `blog_article_category_id_7e38f15e_fk_blog_category_id` FOREIGN KEY (`category_id`) REFERENCES `blog_category` (`id`); args=[]
2016-01-04 22:54:34,411 [MainThread:6948] [django.db.backends.schema:101] [schema:execute] [DEBUG]- ALTER TABLE `blog_article_tag` ADD CONSTRAINT `blog_article_tag_article_id_8db2395e_fk_blog_article_id` FOREIGN KEY (`article_id`) REFERENCES `blog_article` (`id`); (params [])
2016-01-04 22:54:35,293 [MainThread:6948] [django.db.backends:89] [utils:execute] [DEBUG]- (0.882) ALTER TABLE `blog_article_tag` ADD CONSTRAINT `blog_article_tag_article_id_8db2395e_fk_blog_article_id` FOREIGN KEY (`article_id`) REFERENCES `blog_article` (`id`); args=[]
2016-01-04 22:54:35,295 [MainThread:6948] [django.db.backends.schema:101] [schema:execute] [DEBUG]- ALTER TABLE `blog_article_tag` ADD CONSTRAINT `blog_article_tag_tag_id_f2afe66b_fk_blog_tag_id` FOREIGN KEY (`tag_id`) REFERENCES `blog_tag` (`id`); (params [])
2016-01-04 22:54:37,165 [MainThread:6948] [django.db.backends:89] [utils:execute] [DEBUG]- (1.871) ALTER TABLE `blog_article_tag` ADD CONSTRAINT `blog_article_tag_tag_id_f2afe66b_fk_blog_tag_id` FOREIGN KEY (`tag_id`) REFERENCES `blog_tag` (`id`); args=[]
2016-01-04 22:54:37,165 [MainThread:6948] [django.db.backends.schema:101] [schema:execute] [DEBUG]- ALTER TABLE `blog_article_tag` ADD CONSTRAINT `blog_article_tag_article_id_818e752b_uniq` UNIQUE (`article_id`, `tag_id`); (params [])
2016-01-04 22:54:37,700 [MainThread:6948] [django.db.backends:89] [utils:execute] [DEBUG]- (0.535) ALTER TABLE `blog_article_tag` ADD CONSTRAINT `blog_article_tag_article_id_818e752b_uniq` UNIQUE (`article_id`, `tag_id`); args=[]
2016-01-04 22:54:37,701 [MainThread:6948] [django.db.backends.schema:101] [schema:execute] [DEBUG]- CREATE INDEX `blog_article_e8701ad4` ON `blog_article` (`user_id`); (params [])
2016-01-04 22:54:38,058 [MainThread:6948] [django.db.backends:89] [utils:execute] [DEBUG]- (0.356) CREATE INDEX `blog_article_e8701ad4` ON `blog_article` (`user_id`); args=[]
2016-01-04 22:54:38,059 [MainThread:6948] [django.db.backends.schema:101] [schema:execute] [DEBUG]- ALTER TABLE `blog_article` ADD CONSTRAINT `blog_article_user_id_5beb0cc1_fk_blog_user_id` FOREIGN KEY (`user_id`) REFERENCES `blog_user` (`id`); (params [])
2016-01-04 22:54:39,003 [MainThread:6948] [django.db.backends:89] [utils:execute] [DEBUG]- (0.944) ALTER TABLE `blog_article` ADD CONSTRAINT `blog_article_user_id_5beb0cc1_fk_blog_user_id` FOREIGN KEY (`user_id`) REFERENCES `blog_user` (`id`); args=[]
2016-01-04 22:54:39,006 [MainThread:6948] [django.db.backends:89] [utils:execute] [DEBUG]- (0.002) SHOW FULL TABLES; args=None
2016-01-04 22:54:39,007 [MainThread:6948] [django.db.backends:89] [utils:execute] [DEBUG]- (0.000) INSERT INTO `django_migrations` (`app`, `name`, `applied`) VALUES ('blog', '0001_initial', '2016-01-04 14:54:39'); args=['blog', u'0001_initial', u'2016-01-04 14:54:39']
2016-01-04 22:54:39,082 [MainThread:6948] [django.db.backends.schema:101] [schema:execute] [DEBUG]- CREATE TABLE `django_admin_log` (`id` integer AUTO_INCREMENT NOT NULL PRIMARY KEY, `action_time` datetime NOT NULL, `object_id` longtext NULL, `object_repr` varchar(200) NOT NULL, `action_flag` smallint UNSIGNED NOT NULL, `change_message` longtext NOT NULL, `content_type_id` integer NULL, `user_id` integer NOT NULL); (params None)
2016-01-04 22:54:39,436 [MainThread:6948] [django.db.backends:89] [utils:execute] [DEBUG]- (0.354) CREATE TABLE `django_admin_log` (`id` integer AUTO_INCREMENT NOT NULL PRIMARY KEY, `action_time` datetime NOT NULL, `object_id` longtext NULL, `object_repr` varchar(200) NOT NULL, `action_flag` smallint UNSIGNED NOT NULL, `change_message` longtext NOT NULL, `content_type_id` integer NULL, `user_id` integer NOT NULL); args=None
2016-01-04 22:54:39,437 [MainThread:6948] [django.db.backends:89] [utils:execute] [DEBUG]- (0.002) SELECT engine FROM information_schema.tables WHERE table_name = 'django_admin_log'; args=[u'django_admin_log']
2016-01-04 22:54:39,437 [MainThread:6948] [django.db.backends.schema:101] [schema:execute] [DEBUG]- ALTER TABLE `django_admin_log` ADD CONSTRAINT `django_admin__content_type_id_c4bce8eb_fk_django_content_type_id` FOREIGN KEY (`content_type_id`) REFERENCES `django_content_type` (`id`); (params [])
2016-01-04 22:54:40,450 [MainThread:6948] [django.db.backends:89] [utils:execute] [DEBUG]- (1.012) ALTER TABLE `django_admin_log` ADD CONSTRAINT `django_admin__content_type_id_c4bce8eb_fk_django_content_type_id` FOREIGN KEY (`content_type_id`) REFERENCES `django_content_type` (`id`); args=[]
2016-01-04 22:54:40,450 [MainThread:6948] [django.db.backends.schema:101] [schema:execute] [DEBUG]- ALTER TABLE `django_admin_log` ADD CONSTRAINT `django_admin_log_user_id_c564eba6_fk_blog_user_id` FOREIGN KEY (`user_id`) REFERENCES `blog_user` (`id`); (params [])
2016-01-04 22:54:41,711 [MainThread:6948] [django.db.backends:89] [utils:execute] [DEBUG]- (1.261) ALTER TABLE `django_admin_log` ADD CONSTRAINT `django_admin_log_user_id_c564eba6_fk_blog_user_id` FOREIGN KEY (`user_id`) REFERENCES `blog_user` (`id`); args=[]
2016-01-04 22:54:41,714 [MainThread:6948] [django.db.backends:89] [utils:execute] [DEBUG]- (0.002) SHOW FULL TABLES; args=None
2016-01-04 22:54:41,717 [MainThread:6948] [django.db.backends:89] [utils:execute] [DEBUG]- (0.001) INSERT INTO `django_migrations` (`app`, `name`, `applied`) VALUES ('admin', '0001_initial', '2016-01-04 14:54:41'); args=['admin', u'0001_initial', u'2016-01-04 14:54:41']
2016-01-04 22:54:41,786 [MainThread:6948] [django.db.backends.schema:101] [schema:execute] [DEBUG]- ALTER TABLE `django_admin_log` ALTER COLUMN `action_time` SET DEFAULT %s; (params [u'2016-01-04 14:54:41'])
2016-01-04 22:54:41,888 [MainThread:6948] [django.db.backends:89] [utils:execute] [DEBUG]- (0.101) ALTER TABLE `django_admin_log` ALTER COLUMN `action_time` SET DEFAULT '2016-01-04 14:54:41'; args=[u'2016-01-04 14:54:41']
2016-01-04 22:54:41,890 [MainThread:6948] [django.db.backends.schema:101] [schema:execute] [DEBUG]- ALTER TABLE `django_admin_log` ALTER COLUMN `action_time` DROP DEFAULT; (params [])
2016-01-04 22:54:41,940 [MainThread:6948] [django.db.backends:89] [utils:execute] [DEBUG]- (0.050) ALTER TABLE `django_admin_log` ALTER COLUMN `action_time` DROP DEFAULT; args=[]
2016-01-04 22:54:41,943 [MainThread:6948] [django.db.backends:89] [utils:execute] [DEBUG]- (0.003) SHOW FULL TABLES; args=None
2016-01-04 22:54:41,944 [MainThread:6948] [django.db.backends:89] [utils:execute] [DEBUG]- (0.001) INSERT INTO `django_migrations` (`app`, `name`, `applied`) VALUES ('admin', '0002_logentry_remove_auto_add', '2016-01-04 14:54:41'); args=['admin', u'0002_logentry_remove_auto_add', u'2016-01-04 14:54:41']
2016-01-04 22:54:42,025 [MainThread:6948] [django.db.backends.schema:101] [schema:execute] [DEBUG]- CREATE TABLE `django_session` (`session_key` varchar(40) NOT NULL PRIMARY KEY, `session_data` longtext NOT NULL, `expire_date` datetime NOT NULL); (params None)
2016-01-04 22:54:42,634 [MainThread:6948] [django.db.backends:89] [utils:execute] [DEBUG]- (0.610) CREATE TABLE `django_session` (`session_key` varchar(40) NOT NULL PRIMARY KEY, `session_data` longtext NOT NULL, `expire_date` datetime NOT NULL); args=None
2016-01-04 22:54:42,637 [MainThread:6948] [django.db.backends:89] [utils:execute] [DEBUG]- (0.001) SELECT engine FROM information_schema.tables WHERE table_name = 'django_session'; args=[u'django_session']
2016-01-04 22:54:42,638 [MainThread:6948] [django.db.backends.schema:101] [schema:execute] [DEBUG]- CREATE INDEX `django_session_de54fa62` ON `django_session` (`expire_date`); (params [])
2016-01-04 22:54:42,872 [MainThread:6948] [django.db.backends:89] [utils:execute] [DEBUG]- (0.234) CREATE INDEX `django_session_de54fa62` ON `django_session` (`expire_date`); args=[]
2016-01-04 22:54:42,875 [MainThread:6948] [django.db.backends:89] [utils:execute] [DEBUG]- (0.003) SHOW FULL TABLES; args=None
2016-01-04 22:54:42,878 [MainThread:6948] [django.db.backends:89] [utils:execute] [DEBUG]- (0.000) INSERT INTO `django_migrations` (`app`, `name`, `applied`) VALUES ('sessions', '0001_initial', '2016-01-04 14:54:42'); args=['sessions', u'0001_initial', u'2016-01-04 14:54:42']
2016-01-04 22:54:42,913 [MainThread:6948] [django.db.backends:89] [utils:execute] [DEBUG]- (0.001) SHOW FULL TABLES; args=None
2016-01-04 22:54:42,914 [MainThread:6948] [django.db.backends:89] [utils:execute] [DEBUG]- (0.001) SELECT `django_migrations`.`app`, `django_migrations`.`name` FROM `django_migrations`; args=()
2016-01-04 22:54:42,934 [MainThread:6948] [django.db.backends:89] [utils:execute] [DEBUG]- (0.019) SELECT `django_content_type`.`id`, `django_content_type`.`app_label`, `django_content_type`.`model` FROM `django_content_type` WHERE (`django_content_type`.`model` = 'logentry' AND `django_content_type`.`app_label` = 'admin'); args=('logentry', 'admin')
2016-01-04 22:54:42,936 [MainThread:6948] [django.db.backends:89] [utils:execute] [DEBUG]- (0.001) SELECT `django_content_type`.`id`, `django_content_type`.`app_label`, `django_content_type`.`model` FROM `django_content_type` WHERE (`django_content_type`.`model` = 'logentry' AND `django_content_type`.`app_label` = 'admin'); args=('logentry', 'admin')
2016-01-04 22:54:42,937 [MainThread:6948] [django.db.backends:89] [utils:execute] [DEBUG]- (0.001) INSERT INTO `django_content_type` (`app_label`, `model`) VALUES ('admin', 'logentry'); args=['admin', 'logentry']
2016-01-04 22:54:43,029 [MainThread:6948] [django.db.backends:89] [utils:execute] [DEBUG]- (0.041) SELECT `auth_permission`.`content_type_id`, `auth_permission`.`codename` FROM `auth_permission` INNER JOIN `django_content_type` ON (`auth_permission`.`content_type_id` = `django_content_type`.`id`) WHERE `auth_permission`.`content_type_id` IN (1) ORDER BY `django_content_type`.`app_label` ASC, `django_content_type`.`model` ASC, `auth_permission`.`codename` ASC; args=(1,)
2016-01-04 22:54:43,030 [MainThread:6948] [django.db.backends:89] [utils:execute] [DEBUG]- (0.000) INSERT INTO `auth_permission` (`name`, `content_type_id`, `codename`) VALUES ('Can add log entry', 1, 'add_logentry'), ('Can change log entry', 1, 'change_logentry'), ('Can delete log entry', 1, 'delete_logentry'); args=(u'Can add log entry', 1, u'add_logentry', u'Can change log entry', 1, u'change_logentry', u'Can delete log entry', 1, u'delete_logentry')
2016-01-04 22:54:43,127 [MainThread:6948] [django.db.backends:89] [utils:execute] [DEBUG]- (0.000) SELECT `django_content_type`.`id`, `django_content_type`.`app_label`, `django_content_type`.`model` FROM `django_content_type` WHERE `django_content_type`.`app_label` = 'admin'; args=('admin',)
2016-01-04 22:54:43,128 [MainThread:6948] [django.db.backends:89] [utils:execute] [DEBUG]- (0.000) SELECT `django_content_type`.`id`, `django_content_type`.`app_label`, `django_content_type`.`model` FROM `django_content_type` WHERE (`django_content_type`.`model` = 'permission' AND `django_content_type`.`app_label` = 'auth'); args=('permission', 'auth')
2016-01-04 22:54:43,128 [MainThread:6948] [django.db.backends:89] [utils:execute] [DEBUG]- (0.000) SELECT `django_content_type`.`id`, `django_content_type`.`app_label`, `django_content_type`.`model` FROM `django_content_type` WHERE (`django_content_type`.`model` = 'permission' AND `django_content_type`.`app_label` = 'auth'); args=('permission', 'auth')
2016-01-04 22:54:43,130 [MainThread:6948] [django.db.backends:89] [utils:execute] [DEBUG]- (0.000) INSERT INTO `django_content_type` (`app_label`, `model`) VALUES ('auth', 'permission'); args=['auth', 'permission']
2016-01-04 22:54:43,211 [MainThread:6948] [django.db.backends:89] [utils:execute] [DEBUG]- (0.001) SELECT `django_content_type`.`id`, `django_content_type`.`app_label`, `django_content_type`.`model` FROM `django_content_type` WHERE (`django_content_type`.`model` = 'group' AND `django_content_type`.`app_label` = 'auth'); args=('group', 'auth')
2016-01-04 22:54:43,213 [MainThread:6948] [django.db.backends:89] [utils:execute] [DEBUG]- (0.001) SELECT `django_content_type`.`id`, `django_content_type`.`app_label`, `django_content_type`.`model` FROM `django_content_type` WHERE (`django_content_type`.`model` = 'group' AND `django_content_type`.`app_label` = 'auth'); args=('group', 'auth')
2016-01-04 22:54:43,213 [MainThread:6948] [django.db.backends:89] [utils:execute] [DEBUG]- (0.000) INSERT INTO `django_content_type` (`app_label`, `model`) VALUES ('auth', 'group'); args=['auth', 'group']
2016-01-04 22:54:43,246 [MainThread:6948] [django.db.backends:89] [utils:execute] [DEBUG]- (0.001) SELECT `auth_permission`.`content_type_id`, `auth_permission`.`codename` FROM `auth_permission` INNER JOIN `django_content_type` ON (`auth_permission`.`content_type_id` = `django_content_type`.`id`) WHERE `auth_permission`.`content_type_id` IN (2, 3) ORDER BY `django_content_type`.`app_label` ASC, `django_content_type`.`model` ASC, `auth_permission`.`codename` ASC; args=(2, 3)
2016-01-04 22:54:43,247 [MainThread:6948] [django.db.backends:89] [utils:execute] [DEBUG]- (0.000) INSERT INTO `auth_permission` (`name`, `content_type_id`, `codename`) VALUES ('Can add permission', 2, 'add_permission'), ('Can change permission', 2, 'change_permission'), ('Can delete permission', 2, 'delete_permission'), ('Can add group', 3, 'add_group'), ('Can change group', 3, 'change_group'), ('Can delete group', 3, 'delete_group'); args=(u'Can add permission', 2, u'add_permission', u'Can change permission', 2, u'change_permission', u'Can delete permission', 2, u'delete_permission', u'Can add group', 3, u'add_group', u'Can change group', 3, u'change_group', u'Can delete group', 3, u'delete_group')
2016-01-04 22:54:43,322 [MainThread:6948] [django.db.backends:89] [utils:execute] [DEBUG]- (0.001) SELECT `django_content_type`.`id`, `django_content_type`.`app_label`, `django_content_type`.`model` FROM `django_content_type` WHERE `django_content_type`.`app_label` = 'auth'; args=('auth',)
2016-01-04 22:54:43,323 [MainThread:6948] [django.db.backends:89] [utils:execute] [DEBUG]- (0.000) SELECT `django_content_type`.`id`, `django_content_type`.`app_label`, `django_content_type`.`model` FROM `django_content_type` WHERE (`django_content_type`.`model` = 'contenttype' AND `django_content_type`.`app_label` = 'contenttypes'); args=('contenttype', 'contenttypes')
2016-01-04 22:54:43,325 [MainThread:6948] [django.db.backends:89] [utils:execute] [DEBUG]- (0.000) SELECT `django_content_type`.`id`, `django_content_type`.`app_label`, `django_content_type`.`model` FROM `django_content_type` WHERE (`django_content_type`.`model` = 'contenttype' AND `django_content_type`.`app_label` = 'contenttypes'); args=('contenttype', 'contenttypes')
2016-01-04 22:54:43,328 [MainThread:6948] [django.db.backends:89] [utils:execute] [DEBUG]- (0.000) INSERT INTO `django_content_type` (`app_label`, `model`) VALUES ('contenttypes', 'contenttype'); args=['contenttypes', 'contenttype']
2016-01-04 22:54:43,388 [MainThread:6948] [django.db.backends:89] [utils:execute] [DEBUG]- (0.001) SELECT `auth_permission`.`content_type_id`, `auth_permission`.`codename` FROM `auth_permission` INNER JOIN `django_content_type` ON (`auth_permission`.`content_type_id` = `django_content_type`.`id`) WHERE `auth_permission`.`content_type_id` IN (4) ORDER BY `django_content_type`.`app_label` ASC, `django_content_type`.`model` ASC, `auth_permission`.`codename` ASC; args=(4,)
2016-01-04 22:54:43,391 [MainThread:6948] [django.db.backends:89] [utils:execute] [DEBUG]- (0.001) INSERT INTO `auth_permission` (`name`, `content_type_id`, `codename`) VALUES ('Can add content type', 4, 'add_contenttype'), ('Can change content type', 4, 'change_contenttype'), ('Can delete content type', 4, 'delete_contenttype'); args=(u'Can add content type', 4, u'add_contenttype', u'Can change content type', 4, u'change_contenttype', u'Can delete content type', 4, u'delete_contenttype')
2016-01-04 22:54:43,430 [MainThread:6948] [django.db.backends:89] [utils:execute] [DEBUG]- (0.000) SELECT `django_content_type`.`id`, `django_content_type`.`app_label`, `django_content_type`.`model` FROM `django_content_type` WHERE `django_content_type`.`app_label` = 'contenttypes'; args=('contenttypes',)
2016-01-04 22:54:43,431 [MainThread:6948] [django.db.backends:89] [utils:execute] [DEBUG]- (0.000) SELECT `django_content_type`.`id`, `django_content_type`.`app_label`, `django_content_type`.`model` FROM `django_content_type` WHERE (`django_content_type`.`model` = 'session' AND `django_content_type`.`app_label` = 'sessions'); args=('session', 'sessions')
2016-01-04 22:54:43,434 [MainThread:6948] [django.db.backends:89] [utils:execute] [DEBUG]- (0.000) SELECT `django_content_type`.`id`, `django_content_type`.`app_label`, `django_content_type`.`model` FROM `django_content_type` WHERE (`django_content_type`.`model` = 'session' AND `django_content_type`.`app_label` = 'sessions'); args=('session', 'sessions')
2016-01-04 22:54:43,436 [MainThread:6948] [django.db.backends:89] [utils:execute] [DEBUG]- (0.001) INSERT INTO `django_content_type` (`app_label`, `model`) VALUES ('sessions', 'session'); args=['sessions', 'session']
2016-01-04 22:54:43,487 [MainThread:6948] [django.db.backends:89] [utils:execute] [DEBUG]- (0.000) SELECT `auth_permission`.`content_type_id`, `auth_permission`.`codename` FROM `auth_permission` INNER JOIN `django_content_type` ON (`auth_permission`.`content_type_id` = `django_content_type`.`id`) WHERE `auth_permission`.`content_type_id` IN (5) ORDER BY `django_content_type`.`app_label` ASC, `django_content_type`.`model` ASC, `auth_permission`.`codename` ASC; args=(5,)
2016-01-04 22:54:43,490 [MainThread:6948] [django.db.backends:89] [utils:execute] [DEBUG]- (0.000) INSERT INTO `auth_permission` (`name`, `content_type_id`, `codename`) VALUES ('Can add session', 5, 'add_session'), ('Can change session', 5, 'change_session'), ('Can delete session', 5, 'delete_session'); args=(u'Can add session', 5, u'add_session', u'Can change session', 5, u'change_session', u'Can delete session', 5, u'delete_session')
2016-01-04 22:54:43,549 [MainThread:6948] [django.db.backends:89] [utils:execute] [DEBUG]- (0.000) SELECT `django_content_type`.`id`, `django_content_type`.`app_label`, `django_content_type`.`model` FROM `django_content_type` WHERE `django_content_type`.`app_label` = 'sessions'; args=('sessions',)
2016-01-04 22:54:43,551 [MainThread:6948] [django.db.backends:89] [utils:execute] [DEBUG]- (0.000) SELECT `django_content_type`.`id`, `django_content_type`.`app_label`, `django_content_type`.`model` FROM `django_content_type` WHERE (`django_content_type`.`model` = 'user' AND `django_content_type`.`app_label` = 'blog'); args=('user', 'blog')
2016-01-04 22:54:43,552 [MainThread:6948] [django.db.backends:89] [utils:execute] [DEBUG]- (0.000) SELECT `django_content_type`.`id`, `django_content_type`.`app_label`, `django_content_type`.`model` FROM `django_content_type` WHERE (`django_content_type`.`model` = 'user' AND `django_content_type`.`app_label` = 'blog'); args=('user', 'blog')
2016-01-04 22:54:43,555 [MainThread:6948] [django.db.backends:89] [utils:execute] [DEBUG]- (0.000) INSERT INTO `django_content_type` (`app_label`, `model`) VALUES ('blog', 'user'); args=['blog', 'user']
2016-01-04 22:54:43,608 [MainThread:6948] [django.db.backends:89] [utils:execute] [DEBUG]- (0.001) SELECT `django_content_type`.`id`, `django_content_type`.`app_label`, `django_content_type`.`model` FROM `django_content_type` WHERE (`django_content_type`.`model` = 'tag' AND `django_content_type`.`app_label` = 'blog'); args=('tag', 'blog')
2016-01-04 22:54:43,609 [MainThread:6948] [django.db.backends:89] [utils:execute] [DEBUG]- (0.001) SELECT `django_content_type`.`id`, `django_content_type`.`app_label`, `django_content_type`.`model` FROM `django_content_type` WHERE (`django_content_type`.`model` = 'tag' AND `django_content_type`.`app_label` = 'blog'); args=('tag', 'blog')
2016-01-04 22:54:43,611 [MainThread:6948] [django.db.backends:89] [utils:execute] [DEBUG]- (0.000) INSERT INTO `django_content_type` (`app_label`, `model`) VALUES ('blog', 'tag'); args=['blog', 'tag']
2016-01-04 22:54:43,661 [MainThread:6948] [django.db.backends:89] [utils:execute] [DEBUG]- (0.000) SELECT `django_content_type`.`id`, `django_content_type`.`app_label`, `django_content_type`.`model` FROM `django_content_type` WHERE (`django_content_type`.`model` = 'category' AND `django_content_type`.`app_label` = 'blog'); args=('category', 'blog')
2016-01-04 22:54:43,664 [MainThread:6948] [django.db.backends:89] [utils:execute] [DEBUG]- (0.000) SELECT `django_content_type`.`id`, `django_content_type`.`app_label`, `django_content_type`.`model` FROM `django_content_type` WHERE (`django_content_type`.`model` = 'category' AND `django_content_type`.`app_label` = 'blog'); args=('category', 'blog')
2016-01-04 22:54:43,664 [MainThread:6948] [django.db.backends:89] [utils:execute] [DEBUG]- (0.000) INSERT INTO `django_content_type` (`app_label`, `model`) VALUES ('blog', 'category'); args=['blog', 'category']
2016-01-04 22:54:43,694 [MainThread:6948] [django.db.backends:89] [utils:execute] [DEBUG]- (0.000) SELECT `django_content_type`.`id`, `django_content_type`.`app_label`, `django_content_type`.`model` FROM `django_content_type` WHERE (`django_content_type`.`model` = 'article' AND `django_content_type`.`app_label` = 'blog'); args=('article', 'blog')
2016-01-04 22:54:43,696 [MainThread:6948] [django.db.backends:89] [utils:execute] [DEBUG]- (0.000) SELECT `django_content_type`.`id`, `django_content_type`.`app_label`, `django_content_type`.`model` FROM `django_content_type` WHERE (`django_content_type`.`model` = 'article' AND `django_content_type`.`app_label` = 'blog'); args=('article', 'blog')
2016-01-04 22:54:43,697 [MainThread:6948] [django.db.backends:89] [utils:execute] [DEBUG]- (0.000) INSERT INTO `django_content_type` (`app_label`, `model`) VALUES ('blog', 'article'); args=['blog', 'article']
2016-01-04 22:54:43,730 [MainThread:6948] [django.db.backends:89] [utils:execute] [DEBUG]- (0.000) SELECT `django_content_type`.`id`, `django_content_type`.`app_label`, `django_content_type`.`model` FROM `django_content_type` WHERE (`django_content_type`.`model` = 'comment' AND `django_content_type`.`app_label` = 'blog'); args=('comment', 'blog')
2016-01-04 22:54:43,732 [MainThread:6948] [django.db.backends:89] [utils:execute] [DEBUG]- (0.000) SELECT `django_content_type`.`id`, `django_content_type`.`app_label`, `django_content_type`.`model` FROM `django_content_type` WHERE (`django_content_type`.`model` = 'comment' AND `django_content_type`.`app_label` = 'blog'); args=('comment', 'blog')
2016-01-04 22:54:43,733 [MainThread:6948] [django.db.backends:89] [utils:execute] [DEBUG]- (0.000) INSERT INTO `django_content_type` (`app_label`, `model`) VALUES ('blog', 'comment'); args=['blog', 'comment']
2016-01-04 22:54:43,842 [MainThread:6948] [django.db.backends:89] [utils:execute] [DEBUG]- (0.000) SELECT `django_content_type`.`id`, `django_content_type`.`app_label`, `django_content_type`.`model` FROM `django_content_type` WHERE (`django_content_type`.`model` = 'links' AND `django_content_type`.`app_label` = 'blog'); args=('links', 'blog')
2016-01-04 22:54:43,844 [MainThread:6948] [django.db.backends:89] [utils:execute] [DEBUG]- (0.001) SELECT `django_content_type`.`id`, `django_content_type`.`app_label`, `django_content_type`.`model` FROM `django_content_type` WHERE (`django_content_type`.`model` = 'links' AND `django_content_type`.`app_label` = 'blog'); args=('links', 'blog')
2016-01-04 22:54:43,845 [MainThread:6948] [django.db.backends:89] [utils:execute] [DEBUG]- (0.000) INSERT INTO `django_content_type` (`app_label`, `model`) VALUES ('blog', 'links'); args=['blog', 'links']
2016-01-04 22:54:43,895 [MainThread:6948] [django.db.backends:89] [utils:execute] [DEBUG]- (0.000) SELECT `django_content_type`.`id`, `django_content_type`.`app_label`, `django_content_type`.`model` FROM `django_content_type` WHERE (`django_content_type`.`model` = 'ad' AND `django_content_type`.`app_label` = 'blog'); args=('ad', 'blog')
2016-01-04 22:54:43,897 [MainThread:6948] [django.db.backends:89] [utils:execute] [DEBUG]- (0.000) SELECT `django_content_type`.`id`, `django_content_type`.`app_label`, `django_content_type`.`model` FROM `django_content_type` WHERE (`django_content_type`.`model` = 'ad' AND `django_content_type`.`app_label` = 'blog'); args=('ad', 'blog')
2016-01-04 22:54:43,898 [MainThread:6948] [django.db.backends:89] [utils:execute] [DEBUG]- (0.000) INSERT INTO `django_content_type` (`app_label`, `model`) VALUES ('blog', 'ad'); args=['blog', 'ad']
2016-01-04 22:54:43,928 [MainThread:6948] [django.db.backends:89] [utils:execute] [DEBUG]- (0.001) SELECT `auth_permission`.`content_type_id`, `auth_permission`.`codename` FROM `auth_permission` INNER JOIN `django_content_type` ON (`auth_permission`.`content_type_id` = `django_content_type`.`id`) WHERE `auth_permission`.`content_type_id` IN (6, 7, 8, 9, 10, 11, 12) ORDER BY `django_content_type`.`app_label` ASC, `django_content_type`.`model` ASC, `auth_permission`.`codename` ASC; args=(6, 7, 8, 9, 10, 11, 12)
2016-01-04 22:54:43,931 [MainThread:6948] [django.db.backends:89] [utils:execute] [DEBUG]- (0.001) INSERT INTO `auth_permission` (`name`, `content_type_id`, `codename`) VALUES ('Can add ', 6, 'add_user'), ('Can change ', 6, 'change_user'), ('Can delete ', 6, 'delete_user'), ('Can add ', 7, 'add_tag'), ('Can change ', 7, 'change_tag'), ('Can delete ', 7, 'delete_tag'), ('Can add ', 8, 'add_category'), ('Can change ', 8, 'change_category'), ('Can delete ', 8, 'delete_category'), ('Can add ', 9, 'add_article'), ('Can change ', 9, 'change_article'), ('Can delete ', 9, 'delete_article'), ('Can add ', 10, 'add_comment'), ('Can change ', 10, 'change_comment'), ('Can delete ', 10, 'delete_comment'), ('Can add ', 11, 'add_links'), ('Can change ', 11, 'change_links'), ('Can delete ', 11, 'delete_links'), ('Can add ', 12, 'add_ad'), ('Can change ', 12, 'change_ad'), ('Can delete ', 12, 'delete_ad'); args=(u'Can add \u7528\u6237', 6, u'add_user', u'Can change \u7528\u6237', 6, u'change_user', u'Can delete \u7528\u6237', 6, u'delete_user', u'Can add \u6807\u7b7e', 7, u'add_tag', u'Can change \u6807\u7b7e', 7, u'change_tag', u'Can delete \u6807\u7b7e', 7, u'delete_tag', u'Can add \u5206\u7c7b', 8, u'add_category', u'Can change \u5206\u7c7b', 8, u'change_category', u'Can delete \u5206\u7c7b', 8, u'delete_category', u'Can add \u6587\u7ae0', 9, u'add_article', u'Can change \u6587\u7ae0', 9, u'change_article', u'Can delete \u6587\u7ae0', 9, u'delete_article', u'Can add \u8bc4\u8bba', 10, u'add_comment', u'Can change \u8bc4\u8bba', 10, u'change_comment', u'Can delete \u8bc4\u8bba', 10, u'delete_comment', u'Can add \u53cb\u60c5\u94fe\u63a5', 11, u'add_links', u'Can change \u53cb\u60c5\u94fe\u63a5', 11, u'change_links', u'Can delete \u53cb\u60c5\u94fe\u63a5', 11, u'delete_links', u'Can add \u5e7f\u544a', 12, u'add_ad', u'Can change \u5e7f\u544a', 12, u'change_ad', u'Can delete \u5e7f\u544a', 12, u'delete_ad')
2016-01-04 22:54:44,029 [MainThread:6948] [django.db.backends:89] [utils:execute] [DEBUG]- (0.001) SELECT `django_content_type`.`id`, `django_content_type`.`app_label`, `django_content_type`.`model` FROM `django_content_type` WHERE `django_content_type`.`app_label` = 'blog'; args=('blog',)
